<?xml version="1.0" encoding="UTF-8"?>
<!-- Generated by org.testng.reporters.JUnitReportReporter -->
<testsuite skipped="0" hostname="SAG-2MMLKG3" name="com.loginTestCases.FaceBookLoginTest" tests="1" failures="0" timestamp="25 Jan 2022 08:09:04 GMT" time="0.727" errors="0">
  <testcase name="loginUser" time="0.727" classname="com.loginTestCases.FaceBookLoginTest"/>
</testsuite> <!-- com.loginTestCases.FaceBookLoginTest -->
